<?xml version="1.0" encoding="UTF-8"?>
<!-- Generated by org.testng.reporters.JUnitReportReporter -->
<testsuite skipped="0" hostname="W10180314" name="tests.Expedia" tests="1" failures="0" timestamp="22 Jun 2018 14:21:55 GMT" time="102.250" errors="0">
  <testcase name="hotelreservation" time="102.250" classname="tests.Expedia"/>
</testsuite> <!-- tests.Expedia -->
