<?xml version="1.0" encoding="UTF-8"?>
<!-- Generated by org.testng.reporters.JUnitReportReporter -->
<testsuite skipped="0" hostname="W10180314" name="smoketests.ATagsTest" tests="2" failures="0" timestamp="31 May 2018 09:15:17 GMT" time="13.668" errors="0">
  <testcase name="loginElementsPresentTest" time="5.462" classname="smoketests.ATagsTest"/>
  <testcase name="loginElementsPresentTest" time="8.206" classname="smoketests.ATagsTest"/>
</testsuite> <!-- smoketests.ATagsTest -->
