<?xml version="1.0" encoding="UTF-8"?>
<!-- Generated by org.testng.reporters.JUnitReportReporter -->
<testsuite skipped="0" hostname="W10180314" name="smoketests.LoginPresent" tests="2" failures="0" timestamp="31 May 2018 09:15:17 GMT" time="10.878" errors="0">
  <testcase name="loginElementsPresentTest" time="5.792" classname="smoketests.LoginPresent"/>
  <testcase name="loginElementsPresentTest" time="5.086" classname="smoketests.LoginPresent"/>
</testsuite> <!-- smoketests.LoginPresent -->
